<?xml version="1.0" encoding="UTF-8"?>
<!-- Generated by org.testng.reporters.JUnitReportReporter -->
<testsuite hostname="CILPLAP00068" failures="0" tests="1" name="Ciber_PIC_Automation.Captiv.AppTest" time="184.821" errors="0" timestamp="2024-10-12T00:53:27 IST" skipped="0">
  <testcase classname="Ciber_PIC_Automation.Captiv.AppTest" name="createOrganization" time="184.821"/>
  <system-out/>
</testsuite> <!-- Ciber_PIC_Automation.Captiv.AppTest -->
