<?xml version="1.0" encoding="UTF-8"?>
<!-- Generated by org.testng.reporters.JUnitReportReporter -->
<testsuite hostname="CILPLAP00068" failures="0" tests="1" name="Ciber_PIC_Automation.Captiv.AppTest" time="179.317" errors="0" timestamp="2024-10-11T00:51:48 IST" skipped="0">
  <testcase classname="Ciber_PIC_Automation.Captiv.AppTest" name="createOrganization" time="179.317"/>
  <system-out/>
</testsuite> <!-- Ciber_PIC_Automation.Captiv.AppTest -->
