<?xml version="1.0" encoding="UTF-8"?>
<!-- Generated by org.testng.reporters.JUnitReportReporter -->
<testsuite hostname="CILPLAP00068" failures="0" tests="1" name="Ciber_PIC_Automation.Captiv.AppTest" time="182.567" errors="0" timestamp="2024-10-12T22:33:00 IST" skipped="0">
  <testcase classname="Ciber_PIC_Automation.Captiv.AppTest" name="createOrganization" time="182.567"/>
  <system-out/>
</testsuite> <!-- Ciber_PIC_Automation.Captiv.AppTest -->
